<?xml version="1.0" encoding="UTF-8"?>
<!-- Generated by org.testng.reporters.JUnitReportReporter -->
<testsuite skipped="0" hostname="MAVERICK" name="com.tricentis.automation.scripts.fieldVerification.Automobile_EnterVehicleDataPageTest" tests="1" failures="0" timestamp="10 Mar 2020 06:56:09 GMT" time="1.200" errors="0">
  <testcase name="verifyEnginePerformanceInputbox" time="1.200" classname="com.tricentis.automation.scripts.fieldVerification.Automobile_EnterVehicleDataPageTest"/>
</testsuite> <!-- com.tricentis.automation.scripts.fieldVerification.Automobile_EnterVehicleDataPageTest -->
