<?xml version="1.0" encoding="UTF-8"?>
<!-- Generated by org.testng.reporters.JUnitReportReporter -->
<testsuite skipped="1" hostname="MAVERICK" name="com.tricentis.automation.libraries.TestDataProvider" tests="1" failures="0" timestamp="10 Mar 2020 04:58:50 GMT" time="0.000" errors="0">
  <testcase name="tes1" time="0.000" classname="com.tricentis.automation.libraries.TestDataProvider">
    <skipped/>
  </testcase> <!-- tes1 -->
</testsuite> <!-- com.tricentis.automation.libraries.TestDataProvider -->
