<?xml version="1.0" encoding="UTF-8"?>
<!-- Generated by org.testng.reporters.JUnitReportReporter -->
<testsuite skipped="0" hostname="MAVERICK" name="com.tricentis.automation.scripts.fieldVerification.HomePageTests" tests="4" failures="0" timestamp="10 Mar 2020 06:56:09 GMT" time="1.079" errors="0">
  <testcase name="verifyAutomobilelink" time="1.075" classname="com.tricentis.automation.scripts.fieldVerification.HomePageTests"/>
  <testcase name="verifyCamperlink" time="0.002" classname="com.tricentis.automation.scripts.fieldVerification.HomePageTests"/>
  <testcase name="verifyMotorCyclelink" time="0.001" classname="com.tricentis.automation.scripts.fieldVerification.HomePageTests"/>
  <testcase name="verifyTrucklink" time="0.001" classname="com.tricentis.automation.scripts.fieldVerification.HomePageTests"/>
</testsuite> <!-- com.tricentis.automation.scripts.fieldVerification.HomePageTests -->
